Arguments: 
  /usr/local/Cellar/node/18.3.0/bin/node /usr/local/Cellar/yarn/1.22.19/libexec/bin/yarn.js

PATH: 
  /Users/mac/miniconda3/bin:/Users/mac/miniconda3/condabin:/Users/mac/.gem/bin:/usr/local/bin:/usr/local/sbin:/usr/local/bin:/usr/bin:/bin:/usr/sbin:/sbin:/Applications/VMware Fusion.app/Contents/Public:/usr/local/go/bin:/Library/Apple/usr/bin:/usr/local/apache-maven-3.8.6/bin:/Users/mac/Dev/flutter/bin:/usr/local/opt/riscv-gnu-toolchain/bin

Yarn version: 
  1.22.19

Node version: 
  18.3.0

Platform: 
  darwin x64

Trace: 
  Error: getaddrinfo ENOTFOUND registry.yarnpkg.com
      at GetAddrInfoReqWrap.onlookup [as oncomplete] (node:dns:83:26)

npm manifest: 
  {
    "name": "senior",
    "version": "1.3.0",
    "homepage": "https://qantm.github.io/senior-citizen-reporting/",
    "dependencies": {
      "classnames": "2.2.6",
      "echarts-for-react": "^3.0.1",
      "moment": "2.29.1",
      "node-sass": "5.0.0",
      "nouislider": "14.6.4",
      "react": "17.0.2",
      "react-datetime": "3.0.4",
      "react-dom": "17.0.2",
      "react-router": "5.2.0",
      "react-router-dom": "5.2.0",
      "react-scripts": "4.0.3",
      "reactstrap": "8.9.0",
      "sass": "^1.56.0"
    },
    "scripts": {
      "start": "react-scripts start",
      "build": "react-scripts build && gulp licenses",
      "test": "react-scripts test",
      "eject": "react-scripts eject",
      "install:clean": "rm -rf node_modules/ && rm -rf package-lock.json && npm install && npm start",
      "compile-sass": "node-sass src/assets/scss/senior-main.scss src/assets/css/senior-main.css",
      "minify-sass": "node-sass src/assets/scss/senior-main.scss src/assets/css/senior-main.min.css --output-style compressed",
      "map-sass": "node-sass src/assets/scss/senior-main.scss src/assets/css/senior-main.css --source-map true",
      "deploy": "gh-pages -d build"
    },
    "eslintConfig": {
      "extends": "react-app"
    },
    "browserslist": {
      "production": [
        ">0.2%",
        "not dead",
        "not op_mini all"
      ],
      "development": [
        "last 1 chrome version",
        "last 1 firefox version",
        "last 1 safari version"
      ]
    },
    "optionalDependencies": {
      "jquery": "3.6.0",
      "typescript": "4.2.3"
    },
    "devDependencies": {
      "bootstrap": "4.6.0",
      "gh-pages": "^3.2.3",
      "gulp": "4.0.2",
      "gulp-append-prepend": "1.0.8"
    },
    "description": "Paper Kit React is a free Bootstrap 4, React, React Hooks and Reactstrap UI Kit with pale colors, beautiful typography and thoughtful drawings. We've created it having paper and drawings in mind.",
    "main": "src/assets/scss/senior-main.scss",
    "keywords": [
      "react",
      "reactstrap",
      "reactjs",
      "paper-kit",
      "paper-kit-react",
      "paper-kit-2",
      "paper-kit2",
      "paper-design",
      "hook",
      "hooks",
      "react-hook",
      "react-hooks",
      "template",
      "theme",
      "react-template",
      "react-theme"
    ],
    "author": "Creative Tim",
    "license": "MIT",
    "bugs": {
      "url": "https://github.com/creativetimofficial/paper-kit-react/issues"
    }
  }

yarn manifest: 
  No manifest

Lockfile: 
  No lockfile
